{"/Users/tims/development/edf/javascript-code-test/src/BookSearch.js": {"path":"/Users/tims/development/edf/javascript-code-test/src/BookSearch.js","all":false,"statementMap":{"0":{"start":{"line":1,"column":0},"end":{"line":1,"column":48}},"1":{"start":{"line":2,"column":0},"end":{"line":2,"column":50}},"2":{"start":{"line":3,"column":0},"end":{"line":3,"column":57}},"3":{"start":{"line":4,"column":0},"end":{"line":4,"column":0}},"4":{"start":{"line":5,"column":0},"end":{"line":5,"column":28}},"5":{"start":{"line":6,"column":0},"end":{"line":6,"column":38}},"6":{"start":{"line":7,"column":0},"end":{"line":7,"column":27}},"7":{"start":{"line":8,"column":0},"end":{"line":8,"column":37}},"8":{"start":{"line":9,"column":0},"end":{"line":9,"column":3}},"9":{"start":{"line":10,"column":0},"end":{"line":10,"column":48}},"10":{"start":{"line":11,"column":0},"end":{"line":11,"column":56}},"11":{"start":{"line":12,"column":0},"end":{"line":12,"column":26}},"12":{"start":{"line":13,"column":0},"end":{"line":13,"column":20}},"13":{"start":{"line":14,"column":0},"end":{"line":14,"column":16}},"14":{"start":{"line":15,"column":0},"end":{"line":15,"column":49}},"15":{"start":{"line":16,"column":0},"end":{"line":16,"column":8}},"16":{"start":{"line":17,"column":0},"end":{"line":17,"column":6}},"17":{"start":{"line":18,"column":0},"end":{"line":18,"column":24}},"18":{"start":{"line":19,"column":0},"end":{"line":19,"column":29}},"19":{"start":{"line":20,"column":0},"end":{"line":20,"column":6}},"20":{"start":{"line":21,"column":0},"end":{"line":21,"column":54}},"21":{"start":{"line":22,"column":0},"end":{"line":22,"column":18}},"22":{"start":{"line":23,"column":0},"end":{"line":23,"column":17}},"23":{"start":{"line":24,"column":0},"end":{"line":24,"column":47}},"24":{"start":{"line":25,"column":0},"end":{"line":25,"column":42}},"25":{"start":{"line":26,"column":0},"end":{"line":26,"column":20}},"26":{"start":{"line":27,"column":0},"end":{"line":27,"column":13}},"27":{"start":{"line":28,"column":0},"end":{"line":28,"column":39}},"28":{"start":{"line":29,"column":0},"end":{"line":29,"column":46}},"29":{"start":{"line":30,"column":0},"end":{"line":30,"column":18}},"30":{"start":{"line":31,"column":0},"end":{"line":31,"column":34}},"31":{"start":{"line":32,"column":0},"end":{"line":32,"column":16}},"32":{"start":{"line":33,"column":0},"end":{"line":33,"column":22}},"33":{"start":{"line":34,"column":0},"end":{"line":34,"column":28}},"34":{"start":{"line":35,"column":0},"end":{"line":35,"column":38}},"35":{"start":{"line":36,"column":0},"end":{"line":36,"column":58}},"36":{"start":{"line":37,"column":0},"end":{"line":37,"column":36}},"37":{"start":{"line":38,"column":0},"end":{"line":38,"column":48}},"38":{"start":{"line":39,"column":0},"end":{"line":39,"column":48}},"39":{"start":{"line":40,"column":0},"end":{"line":40,"column":34}},"40":{"start":{"line":41,"column":0},"end":{"line":41,"column":42}},"41":{"start":{"line":42,"column":0},"end":{"line":42,"column":36}},"42":{"start":{"line":43,"column":0},"end":{"line":43,"column":40}},"43":{"start":{"line":44,"column":0},"end":{"line":44,"column":10}},"44":{"start":{"line":45,"column":0},"end":{"line":45,"column":9}},"45":{"start":{"line":46,"column":0},"end":{"line":46,"column":5}},"46":{"start":{"line":47,"column":0},"end":{"line":47,"column":16}},"47":{"start":{"line":48,"column":0},"end":{"line":48,"column":4}},"48":{"start":{"line":49,"column":0},"end":{"line":49,"column":0}},"49":{"start":{"line":50,"column":0},"end":{"line":50,"column":65}},"50":{"start":{"line":51,"column":0},"end":{"line":51,"column":19}},"51":{"start":{"line":52,"column":0},"end":{"line":52,"column":32}},"52":{"start":{"line":53,"column":0},"end":{"line":53,"column":55}},"53":{"start":{"line":54,"column":0},"end":{"line":54,"column":31}},"54":{"start":{"line":55,"column":0},"end":{"line":55,"column":55}},"55":{"start":{"line":56,"column":0},"end":{"line":56,"column":35}},"56":{"start":{"line":57,"column":0},"end":{"line":57,"column":55}},"57":{"start":{"line":58,"column":0},"end":{"line":58,"column":39}},"58":{"start":{"line":59,"column":0},"end":{"line":59,"column":55}},"59":{"start":{"line":60,"column":0},"end":{"line":60,"column":26}},"60":{"start":{"line":61,"column":0},"end":{"line":61,"column":26}},"61":{"start":{"line":62,"column":0},"end":{"line":62,"column":20}},"62":{"start":{"line":63,"column":0},"end":{"line":63,"column":16}},"63":{"start":{"line":64,"column":0},"end":{"line":64,"column":49}},"64":{"start":{"line":65,"column":0},"end":{"line":65,"column":8}},"65":{"start":{"line":66,"column":0},"end":{"line":66,"column":6}},"66":{"start":{"line":67,"column":0},"end":{"line":67,"column":24}},"67":{"start":{"line":68,"column":0},"end":{"line":68,"column":29}},"68":{"start":{"line":69,"column":0},"end":{"line":69,"column":6}},"69":{"start":{"line":70,"column":0},"end":{"line":70,"column":54}},"70":{"start":{"line":71,"column":0},"end":{"line":71,"column":15}},"71":{"start":{"line":72,"column":0},"end":{"line":72,"column":45}},"72":{"start":{"line":73,"column":0},"end":{"line":73,"column":40}},"73":{"start":{"line":74,"column":0},"end":{"line":74,"column":18}},"74":{"start":{"line":75,"column":0},"end":{"line":75,"column":16}},"75":{"start":{"line":76,"column":0},"end":{"line":76,"column":13}},"76":{"start":{"line":77,"column":0},"end":{"line":77,"column":39}},"77":{"start":{"line":78,"column":0},"end":{"line":78,"column":46}},"78":{"start":{"line":79,"column":0},"end":{"line":79,"column":18}},"79":{"start":{"line":80,"column":0},"end":{"line":80,"column":34}},"80":{"start":{"line":81,"column":0},"end":{"line":81,"column":16}},"81":{"start":{"line":82,"column":0},"end":{"line":82,"column":22}},"82":{"start":{"line":83,"column":0},"end":{"line":83,"column":28}},"83":{"start":{"line":84,"column":0},"end":{"line":84,"column":38}},"84":{"start":{"line":85,"column":0},"end":{"line":85,"column":58}},"85":{"start":{"line":86,"column":0},"end":{"line":86,"column":36}},"86":{"start":{"line":87,"column":0},"end":{"line":87,"column":48}},"87":{"start":{"line":88,"column":0},"end":{"line":88,"column":48}},"88":{"start":{"line":89,"column":0},"end":{"line":89,"column":34}},"89":{"start":{"line":90,"column":0},"end":{"line":90,"column":42}},"90":{"start":{"line":91,"column":0},"end":{"line":91,"column":36}},"91":{"start":{"line":92,"column":0},"end":{"line":92,"column":40}},"92":{"start":{"line":93,"column":0},"end":{"line":93,"column":10}},"93":{"start":{"line":94,"column":0},"end":{"line":94,"column":9}},"94":{"start":{"line":95,"column":0},"end":{"line":95,"column":5}},"95":{"start":{"line":96,"column":0},"end":{"line":96,"column":4}},"96":{"start":{"line":97,"column":0},"end":{"line":97,"column":1}}},"s":{"0":1,"1":1,"2":1,"3":1,"4":1,"5":21,"6":21,"7":21,"8":21,"9":21,"10":8,"11":8,"12":8,"13":8,"14":8,"15":8,"16":8,"17":8,"18":8,"19":8,"20":8,"21":8,"22":7,"23":7,"24":3,"25":7,"26":7,"27":7,"28":1,"29":7,"30":7,"31":21,"32":21,"33":21,"34":21,"35":21,"36":21,"37":21,"38":21,"39":21,"40":21,"41":21,"42":21,"43":21,"44":7,"45":7,"46":1,"47":21,"48":21,"49":21,"50":13,"51":13,"52":13,"53":13,"54":13,"55":13,"56":13,"57":13,"58":13,"59":13,"60":11,"61":11,"62":11,"63":11,"64":11,"65":11,"66":11,"67":11,"68":11,"69":11,"70":11,"71":11,"72":6,"73":13,"74":13,"75":11,"76":11,"77":1,"78":11,"79":11,"80":17,"81":17,"82":17,"83":17,"84":17,"85":17,"86":17,"87":17,"88":17,"89":17,"90":17,"91":17,"92":17,"93":11,"94":11,"95":21,"96":21},"branchMap":{"0":{"type":"branch","line":5,"loc":{"start":{"line":5,"column":7},"end":{"line":97,"column":1}},"locations":[{"start":{"line":5,"column":7},"end":{"line":97,"column":1}}]},"1":{"type":"branch","line":6,"loc":{"start":{"line":6,"column":2},"end":{"line":9,"column":3}},"locations":[{"start":{"line":6,"column":2},"end":{"line":9,"column":3}}]},"2":{"type":"branch","line":10,"loc":{"start":{"line":10,"column":13},"end":{"line":48,"column":3}},"locations":[{"start":{"line":10,"column":13},"end":{"line":48,"column":3}}]},"3":{"type":"branch","line":22,"loc":{"start":{"line":22,"column":17},"end":{"line":46,"column":5}},"locations":[{"start":{"line":22,"column":17},"end":{"line":46,"column":5}}]},"4":{"type":"branch","line":25,"loc":{"start":{"line":25,"column":-1},"end":{"line":25,"column":42}},"locations":[{"start":{"line":25,"column":-1},"end":{"line":25,"column":42}}]},"5":{"type":"branch","line":26,"loc":{"start":{"line":26,"column":-1},"end":{"line":26,"column":19}},"locations":[{"start":{"line":26,"column":-1},"end":{"line":26,"column":19}}]},"6":{"type":"branch","line":28,"loc":{"start":{"line":28,"column":18},"end":{"line":28,"column":39}},"locations":[{"start":{"line":28,"column":18},"end":{"line":28,"column":39}}]},"7":{"type":"branch","line":29,"loc":{"start":{"line":29,"column":-1},"end":{"line":29,"column":46}},"locations":[{"start":{"line":29,"column":-1},"end":{"line":29,"column":46}}]},"8":{"type":"branch","line":30,"loc":{"start":{"line":30,"column":-1},"end":{"line":30,"column":17}},"locations":[{"start":{"line":30,"column":-1},"end":{"line":30,"column":17}}]},"9":{"type":"branch","line":46,"loc":{"start":{"line":46,"column":4},"end":{"line":48,"column":3}},"locations":[{"start":{"line":46,"column":4},"end":{"line":48,"column":3}}]},"10":{"type":"branch","line":31,"loc":{"start":{"line":31,"column":24},"end":{"line":45,"column":7}},"locations":[{"start":{"line":31,"column":24},"end":{"line":45,"column":7}}]},"11":{"type":"branch","line":35,"loc":{"start":{"line":35,"column":29},"end":{"line":35,"column":37}},"locations":[{"start":{"line":35,"column":29},"end":{"line":35,"column":37}}]},"12":{"type":"branch","line":36,"loc":{"start":{"line":36,"column":49},"end":{"line":36,"column":57}},"locations":[{"start":{"line":36,"column":49},"end":{"line":36,"column":57}}]},"13":{"type":"branch","line":37,"loc":{"start":{"line":37,"column":27},"end":{"line":37,"column":35}},"locations":[{"start":{"line":37,"column":27},"end":{"line":37,"column":35}}]},"14":{"type":"branch","line":38,"loc":{"start":{"line":38,"column":39},"end":{"line":38,"column":47}},"locations":[{"start":{"line":38,"column":39},"end":{"line":38,"column":47}}]},"15":{"type":"branch","line":39,"loc":{"start":{"line":39,"column":39},"end":{"line":39,"column":47}},"locations":[{"start":{"line":39,"column":39},"end":{"line":39,"column":47}}]},"16":{"type":"branch","line":40,"loc":{"start":{"line":40,"column":25},"end":{"line":40,"column":33}},"locations":[{"start":{"line":40,"column":25},"end":{"line":40,"column":33}}]},"17":{"type":"branch","line":50,"loc":{"start":{"line":50,"column":15},"end":{"line":96,"column":3}},"locations":[{"start":{"line":50,"column":15},"end":{"line":96,"column":3}}]},"18":{"type":"branch","line":53,"loc":{"start":{"line":53,"column":6},"end":{"line":53,"column":55}},"locations":[{"start":{"line":53,"column":6},"end":{"line":53,"column":55}}]},"19":{"type":"branch","line":55,"loc":{"start":{"line":55,"column":6},"end":{"line":55,"column":55}},"locations":[{"start":{"line":55,"column":6},"end":{"line":55,"column":55}}]},"20":{"type":"branch","line":57,"loc":{"start":{"line":57,"column":6},"end":{"line":57,"column":55}},"locations":[{"start":{"line":57,"column":6},"end":{"line":57,"column":55}}]},"21":{"type":"branch","line":59,"loc":{"start":{"line":59,"column":6},"end":{"line":59,"column":55}},"locations":[{"start":{"line":59,"column":6},"end":{"line":59,"column":55}}]},"22":{"type":"branch","line":60,"loc":{"start":{"line":60,"column":14},"end":{"line":60,"column":26}},"locations":[{"start":{"line":60,"column":14},"end":{"line":60,"column":26}}]},"23":{"type":"branch","line":60,"loc":{"start":{"line":60,"column":25},"end":{"line":72,"column":45}},"locations":[{"start":{"line":60,"column":25},"end":{"line":72,"column":45}}]},"24":{"type":"branch","line":73,"loc":{"start":{"line":73,"column":-1},"end":{"line":73,"column":40}},"locations":[{"start":{"line":73,"column":-1},"end":{"line":73,"column":40}}]},"25":{"type":"branch","line":74,"loc":{"start":{"line":74,"column":-1},"end":{"line":74,"column":17}},"locations":[{"start":{"line":74,"column":-1},"end":{"line":74,"column":17}}]},"26":{"type":"branch","line":75,"loc":{"start":{"line":75,"column":15},"end":{"line":95,"column":5}},"locations":[{"start":{"line":75,"column":15},"end":{"line":95,"column":5}}]},"27":{"type":"branch","line":77,"loc":{"start":{"line":77,"column":18},"end":{"line":77,"column":39}},"locations":[{"start":{"line":77,"column":18},"end":{"line":77,"column":39}}]},"28":{"type":"branch","line":78,"loc":{"start":{"line":78,"column":-1},"end":{"line":78,"column":46}},"locations":[{"start":{"line":78,"column":-1},"end":{"line":78,"column":46}}]},"29":{"type":"branch","line":79,"loc":{"start":{"line":79,"column":-1},"end":{"line":79,"column":17}},"locations":[{"start":{"line":79,"column":-1},"end":{"line":79,"column":17}}]},"30":{"type":"branch","line":80,"loc":{"start":{"line":80,"column":24},"end":{"line":94,"column":7}},"locations":[{"start":{"line":80,"column":24},"end":{"line":94,"column":7}}]},"31":{"type":"branch","line":84,"loc":{"start":{"line":84,"column":29},"end":{"line":84,"column":37}},"locations":[{"start":{"line":84,"column":29},"end":{"line":84,"column":37}}]},"32":{"type":"branch","line":85,"loc":{"start":{"line":85,"column":49},"end":{"line":85,"column":57}},"locations":[{"start":{"line":85,"column":49},"end":{"line":85,"column":57}}]},"33":{"type":"branch","line":86,"loc":{"start":{"line":86,"column":27},"end":{"line":86,"column":35}},"locations":[{"start":{"line":86,"column":27},"end":{"line":86,"column":35}}]},"34":{"type":"branch","line":87,"loc":{"start":{"line":87,"column":39},"end":{"line":87,"column":47}},"locations":[{"start":{"line":87,"column":39},"end":{"line":87,"column":47}}]},"35":{"type":"branch","line":88,"loc":{"start":{"line":88,"column":39},"end":{"line":88,"column":47}},"locations":[{"start":{"line":88,"column":39},"end":{"line":88,"column":47}}]},"36":{"type":"branch","line":89,"loc":{"start":{"line":89,"column":25},"end":{"line":89,"column":33}},"locations":[{"start":{"line":89,"column":25},"end":{"line":89,"column":33}}]}},"b":{"0":[21],"1":[21],"2":[8],"3":[7],"4":[3],"5":[4],"6":[1],"7":[1],"8":[6],"9":[1],"10":[21],"11":[6],"12":[6],"13":[6],"14":[6],"15":[6],"16":[6],"17":[13],"18":[5],"19":[2],"20":[2],"21":[2],"22":[2],"23":[11],"24":[6],"25":[5],"26":[11],"27":[1],"28":[1],"29":[10],"30":[17],"31":[6],"32":[6],"33":[6],"34":[6],"35":[6],"36":[6]},"fnMap":{"0":{"name":"<instance_members_initializer>","decl":{"start":{"line":5,"column":7},"end":{"line":97,"column":1}},"loc":{"start":{"line":5,"column":7},"end":{"line":97,"column":1}},"line":5},"1":{"name":"BookSearchApi","decl":{"start":{"line":6,"column":2},"end":{"line":9,"column":3}},"loc":{"start":{"line":6,"column":2},"end":{"line":9,"column":3}},"line":6},"2":{"name":"getBooks","decl":{"start":{"line":10,"column":13},"end":{"line":48,"column":3}},"loc":{"start":{"line":10,"column":13},"end":{"line":48,"column":3}},"line":10},"3":{"name":"getBooksBy","decl":{"start":{"line":50,"column":15},"end":{"line":96,"column":3}},"loc":{"start":{"line":50,"column":15},"end":{"line":96,"column":3}},"line":50}},"f":{"0":21,"1":21,"2":8,"3":13}}
,"/Users/tims/development/edf/javascript-code-test/src/helper/fetchApi.js": {"path":"/Users/tims/development/edf/javascript-code-test/src/helper/fetchApi.js","all":false,"statementMap":{"0":{"start":{"line":1,"column":0},"end":{"line":1,"column":49}},"1":{"start":{"line":2,"column":0},"end":{"line":2,"column":7}},"2":{"start":{"line":3,"column":0},"end":{"line":3,"column":47}},"3":{"start":{"line":4,"column":0},"end":{"line":4,"column":23}},"4":{"start":{"line":5,"column":0},"end":{"line":5,"column":61}},"5":{"start":{"line":6,"column":0},"end":{"line":6,"column":5}},"6":{"start":{"line":7,"column":0},"end":{"line":7,"column":63}},"7":{"start":{"line":8,"column":0},"end":{"line":8,"column":35}},"8":{"start":{"line":9,"column":0},"end":{"line":9,"column":79}},"9":{"start":{"line":10,"column":0},"end":{"line":10,"column":19}},"10":{"start":{"line":11,"column":0},"end":{"line":11,"column":52}},"11":{"start":{"line":12,"column":0},"end":{"line":12,"column":3}},"12":{"start":{"line":13,"column":0},"end":{"line":13,"column":2}}},"s":{"0":1,"1":19,"2":19,"3":19,"4":7,"5":7,"6":12,"7":19,"8":3,"9":19,"10":7,"11":7,"12":19},"branchMap":{"0":{"type":"branch","line":1,"loc":{"start":{"line":1,"column":24},"end":{"line":13,"column":2}},"locations":[{"start":{"line":1,"column":24},"end":{"line":13,"column":2}}]},"1":{"type":"branch","line":4,"loc":{"start":{"line":4,"column":22},"end":{"line":6,"column":5}},"locations":[{"start":{"line":4,"column":22},"end":{"line":6,"column":5}}]},"2":{"type":"branch","line":6,"loc":{"start":{"line":6,"column":4},"end":{"line":7,"column":63}},"locations":[{"start":{"line":6,"column":4},"end":{"line":7,"column":63}}]},"3":{"type":"branch","line":8,"loc":{"start":{"line":8,"column":6},"end":{"line":8,"column":35}},"locations":[{"start":{"line":8,"column":6},"end":{"line":8,"column":35}}]},"4":{"type":"branch","line":8,"loc":{"start":{"line":8,"column":34},"end":{"line":9,"column":79}},"locations":[{"start":{"line":8,"column":34},"end":{"line":9,"column":79}}]},"5":{"type":"branch","line":10,"loc":{"start":{"line":10,"column":4},"end":{"line":12,"column":3}},"locations":[{"start":{"line":10,"column":4},"end":{"line":12,"column":3}}]}},"b":{"0":[19],"1":[7],"2":[12],"3":[9],"4":[3],"5":[7]},"fnMap":{"0":{"name":"fetchApi","decl":{"start":{"line":1,"column":24},"end":{"line":13,"column":2}},"loc":{"start":{"line":1,"column":24},"end":{"line":13,"column":2}},"line":1}},"f":{"0":19}}
,"/Users/tims/development/edf/javascript-code-test/src/helper/pagination.js": {"path":"/Users/tims/development/edf/javascript-code-test/src/helper/pagination.js","all":false,"statementMap":{"0":{"start":{"line":1,"column":0},"end":{"line":1,"column":67}},"1":{"start":{"line":2,"column":0},"end":{"line":2,"column":41}},"2":{"start":{"line":3,"column":0},"end":{"line":3,"column":52}},"3":{"start":{"line":4,"column":0},"end":{"line":4,"column":45}},"4":{"start":{"line":5,"column":0},"end":{"line":5,"column":43}},"5":{"start":{"line":6,"column":0},"end":{"line":6,"column":2}}},"s":{"0":1,"1":6,"2":6,"3":6,"4":6,"5":6},"branchMap":{"0":{"type":"branch","line":1,"loc":{"start":{"line":1,"column":31},"end":{"line":6,"column":2}},"locations":[{"start":{"line":1,"column":31},"end":{"line":6,"column":2}}]},"1":{"type":"branch","line":2,"loc":{"start":{"line":2,"column":29},"end":{"line":2,"column":33}},"locations":[{"start":{"line":2,"column":29},"end":{"line":2,"column":33}}]},"2":{"type":"branch","line":2,"loc":{"start":{"line":2,"column":33},"end":{"line":2,"column":40}},"locations":[{"start":{"line":2,"column":33},"end":{"line":2,"column":40}}]}},"b":{"0":[6],"1":[1],"2":[5]},"fnMap":{"0":{"name":"booksPagination","decl":{"start":{"line":1,"column":31},"end":{"line":6,"column":2}},"loc":{"start":{"line":1,"column":31},"end":{"line":6,"column":2}},"line":1}},"f":{"0":6}}
,"/Users/tims/development/edf/javascript-code-test/src/helper/xmlParser.js": {"path":"/Users/tims/development/edf/javascript-code-test/src/helper/xmlParser.js","all":false,"statementMap":{"0":{"start":{"line":1,"column":0},"end":{"line":1,"column":58}},"1":{"start":{"line":2,"column":0},"end":{"line":2,"column":0}},"2":{"start":{"line":3,"column":0},"end":{"line":3,"column":48}},"3":{"start":{"line":4,"column":0},"end":{"line":4,"column":40}},"4":{"start":{"line":5,"column":0},"end":{"line":5,"column":59}},"5":{"start":{"line":6,"column":0},"end":{"line":6,"column":21}},"6":{"start":{"line":7,"column":0},"end":{"line":7,"column":54}},"7":{"start":{"line":8,"column":0},"end":{"line":8,"column":54}},"8":{"start":{"line":9,"column":0},"end":{"line":9,"column":58}},"9":{"start":{"line":10,"column":0},"end":{"line":10,"column":3}},"10":{"start":{"line":11,"column":0},"end":{"line":11,"column":42}},"11":{"start":{"line":12,"column":0},"end":{"line":12,"column":34}},"12":{"start":{"line":13,"column":0},"end":{"line":13,"column":2}}},"s":{"0":1,"1":1,"2":1,"3":2,"4":2,"5":2,"6":1,"7":1,"8":1,"9":1,"10":1,"11":1,"12":1},"branchMap":{"0":{"type":"branch","line":3,"loc":{"start":{"line":3,"column":25},"end":{"line":13,"column":2}},"locations":[{"start":{"line":3,"column":25},"end":{"line":13,"column":2}}]},"1":{"type":"branch","line":6,"loc":{"start":{"line":6,"column":20},"end":{"line":13,"column":2}},"locations":[{"start":{"line":6,"column":20},"end":{"line":13,"column":2}}]}},"b":{"0":[2],"1":[1]},"fnMap":{"0":{"name":"xmlParser","decl":{"start":{"line":3,"column":25},"end":{"line":13,"column":2}},"loc":{"start":{"line":3,"column":25},"end":{"line":13,"column":2}},"line":3}},"f":{"0":2}}
}
