TN:
SF:src/BookSearch.js
FN:5,<instance_members_initializer>
FN:6,BookSearchApi
FN:10,getBooks
FN:50,getBooksBy
FNF:4
FNH:4
FNDA:21,<instance_members_initializer>
FNDA:21,BookSearchApi
FNDA:8,getBooks
FNDA:13,getBooksBy
DA:1,1
DA:2,1
DA:3,1
DA:4,1
DA:5,1
DA:6,21
DA:7,21
DA:8,21
DA:9,21
DA:10,21
DA:11,8
DA:12,8
DA:13,8
DA:14,8
DA:15,8
DA:16,8
DA:17,8
DA:18,8
DA:19,8
DA:20,8
DA:21,8
DA:22,8
DA:23,7
DA:24,7
DA:25,3
DA:26,7
DA:27,7
DA:28,7
DA:29,1
DA:30,7
DA:31,7
DA:32,21
DA:33,21
DA:34,21
DA:35,21
DA:36,21
DA:37,21
DA:38,21
DA:39,21
DA:40,21
DA:41,21
DA:42,21
DA:43,21
DA:44,21
DA:45,7
DA:46,7
DA:47,1
DA:48,21
DA:49,21
DA:50,21
DA:51,13
DA:52,13
DA:53,13
DA:54,13
DA:55,13
DA:56,13
DA:57,13
DA:58,13
DA:59,13
DA:60,13
DA:61,11
DA:62,11
DA:63,11
DA:64,11
DA:65,11
DA:66,11
DA:67,11
DA:68,11
DA:69,11
DA:70,11
DA:71,11
DA:72,11
DA:73,6
DA:74,13
DA:75,13
DA:76,11
DA:77,11
DA:78,1
DA:79,11
DA:80,11
DA:81,17
DA:82,17
DA:83,17
DA:84,17
DA:85,17
DA:86,17
DA:87,17
DA:88,17
DA:89,17
DA:90,17
DA:91,17
DA:92,17
DA:93,17
DA:94,11
DA:95,11
DA:96,21
DA:97,21
LF:97
LH:97
BRDA:5,0,0,21
BRDA:6,1,0,21
BRDA:10,2,0,8
BRDA:22,3,0,7
BRDA:25,4,0,3
BRDA:26,5,0,4
BRDA:28,6,0,1
BRDA:29,7,0,1
BRDA:30,8,0,6
BRDA:46,9,0,1
BRDA:31,10,0,21
BRDA:35,11,0,6
BRDA:36,12,0,6
BRDA:37,13,0,6
BRDA:38,14,0,6
BRDA:39,15,0,6
BRDA:40,16,0,6
BRDA:50,17,0,13
BRDA:53,18,0,5
BRDA:55,19,0,2
BRDA:57,20,0,2
BRDA:59,21,0,2
BRDA:60,22,0,2
BRDA:60,23,0,11
BRDA:73,24,0,6
BRDA:74,25,0,5
BRDA:75,26,0,11
BRDA:77,27,0,1
BRDA:78,28,0,1
BRDA:79,29,0,10
BRDA:80,30,0,17
BRDA:84,31,0,6
BRDA:85,32,0,6
BRDA:86,33,0,6
BRDA:87,34,0,6
BRDA:88,35,0,6
BRDA:89,36,0,6
BRF:37
BRH:37
end_of_record
TN:
SF:src/helper/fetchApi.js
FN:1,fetchApi
FNF:1
FNH:1
FNDA:19,fetchApi
DA:1,1
DA:2,19
DA:3,19
DA:4,19
DA:5,7
DA:6,7
DA:7,12
DA:8,19
DA:9,3
DA:10,19
DA:11,7
DA:12,7
DA:13,19
LF:13
LH:13
BRDA:1,0,0,19
BRDA:4,1,0,7
BRDA:6,2,0,12
BRDA:8,3,0,9
BRDA:8,4,0,3
BRDA:10,5,0,7
BRF:6
BRH:6
end_of_record
TN:
SF:src/helper/pagination.js
FN:1,booksPagination
FNF:1
FNH:1
FNDA:6,booksPagination
DA:1,1
DA:2,6
DA:3,6
DA:4,6
DA:5,6
DA:6,6
LF:6
LH:6
BRDA:1,0,0,6
BRDA:2,1,0,1
BRDA:2,2,0,5
BRF:3
BRH:3
end_of_record
TN:
SF:src/helper/xmlParser.js
FN:3,xmlParser
FNF:1
FNH:1
FNDA:2,xmlParser
DA:1,1
DA:2,1
DA:3,1
DA:4,2
DA:5,2
DA:6,2
DA:7,1
DA:8,1
DA:9,1
DA:10,1
DA:11,1
DA:12,1
DA:13,1
LF:13
LH:13
BRDA:3,0,0,2
BRDA:6,1,0,1
BRF:2
BRH:2
end_of_record
